[debug] [2022-02-03T21:50:15.826Z] ----------------------------------------------------------------------
[debug] [2022-02-03T21:50:15.828Z] Command:       C:\Program Files\nodejs\node.exe C:\Users\Mohammed Rishard\AppData\Roaming\npm\node_modules\firebase-tools\lib\bin\firebase.js init
[debug] [2022-02-03T21:50:15.828Z] CLI Version:   10.1.4
[debug] [2022-02-03T21:50:15.828Z] Platform:      win32
[debug] [2022-02-03T21:50:15.828Z] Node Version:  v14.16.1
[debug] [2022-02-03T21:50:15.829Z] Time:          Fri Feb 04 2022 03:20:15 GMT+0530 (India Standard Time)
[debug] [2022-02-03T21:50:15.829Z] ----------------------------------------------------------------------
[debug] 
[debug] [2022-02-03T21:50:15.886Z] > command requires scopes: ["email","openid","https://www.googleapis.com/auth/cloudplatformprojects.readonly","https://www.googleapis.com/auth/firebase","https://www.googleapis.com/auth/cloud-platform"]
[debug] [2022-02-03T21:50:15.886Z] > authorizing via signed-in user (it19155944@my.sliit.lk)
[info] 
     ######## #### ########  ######## ########     ###     ######  ########
     ##        ##  ##     ## ##       ##     ##  ##   ##  ##       ##
     ######    ##  ########  ######   ########  #########  ######  ######
     ##        ##  ##    ##  ##       ##     ## ##     ##       ## ##
     ##       #### ##     ## ######## ########  ##     ##  ######  ########

You're about to initialize a Firebase project in this directory:

  D:\Algothon 2021\algothon leaderboard

Before we get started, keep in mind:

  * You are initializing within an existing Firebase project directory

